<?xml version="1.0" encoding="UTF-8"?>
<testsuite xmlns:xsi="http://www.w3.org/2001/XMLSchema-instance" xsi:noNamespaceSchemaLocation="https://maven.apache.org/surefire/maven-surefire-plugin/xsd/surefire-test-report.xsd" name="com.uncledavecode.notificator.NotificatorApplicationTests" time="6.43" tests="1" errors="0" skipped="0" failures="0">
  <properties>
    <property name="sun.desktop" value="windows"/>
    <property name="awt.toolkit" value="sun.awt.windows.WToolkit"/>
    <property name="java.specification.version" value="11"/>
    <property name="sun.cpu.isalist" value="amd64"/>
    <property name="sun.jnu.encoding" value="Cp1252"/>
    <property name="java.class.path" value="d:\Development\springboot\uncledavecode\notificator\target\test-classes;d:\Development\springboot\uncledavecode\notificator\target\classes;C:\Users\David\.m2\repository\org\springframework\boot\spring-boot-starter-data-jpa\2.6.2\spring-boot-starter-data-jpa-2.6.2.jar;C:\Users\David\.m2\repository\org\springframework\boot\spring-boot-starter-aop\2.6.2\spring-boot-starter-aop-2.6.2.jar;C:\Users\David\.m2\repository\org\springframework\spring-aop\5.3.14\spring-aop-5.3.14.jar;C:\Users\David\.m2\repository\org\aspectj\aspectjweaver\1.9.7\aspectjweaver-1.9.7.jar;C:\Users\David\.m2\repository\org\springframework\boot\spring-boot-starter-jdbc\2.6.2\spring-boot-starter-jdbc-2.6.2.jar;C:\Users\David\.m2\repository\com\zaxxer\HikariCP\4.0.3\HikariCP-4.0.3.jar;C:\Users\David\.m2\repository\org\springframework\spring-jdbc\5.3.14\spring-jdbc-5.3.14.jar;C:\Users\David\.m2\repository\jakarta\transaction\jakarta.transaction-api\1.3.3\jakarta.transaction-api-1.3.3.jar;C:\Users\David\.m2\repository\jakarta\persistence\jakarta.persistence-api\2.2.3\jakarta.persistence-api-2.2.3.jar;C:\Users\David\.m2\repository\org\hibernate\hibernate-core\5.6.3.Final\hibernate-core-5.6.3.Final.jar;C:\Users\David\.m2\repository\org\jboss\logging\jboss-logging\3.4.2.Final\jboss-logging-3.4.2.Final.jar;C:\Users\David\.m2\repository\net\bytebuddy\byte-buddy\1.11.22\byte-buddy-1.11.22.jar;C:\Users\David\.m2\repository\antlr\antlr\2.7.7\antlr-2.7.7.jar;C:\Users\David\.m2\repository\org\jboss\jandex\2.2.3.Final\jandex-2.2.3.Final.jar;C:\Users\David\.m2\repository\com\fasterxml\classmate\1.5.1\classmate-1.5.1.jar;C:\Users\David\.m2\repository\org\hibernate\common\hibernate-commons-annotations\5.1.2.Final\hibernate-commons-annotations-5.1.2.Final.jar;C:\Users\David\.m2\repository\org\glassfish\jaxb\jaxb-runtime\2.3.5\jaxb-runtime-2.3.5.jar;C:\Users\David\.m2\repository\org\glassfish\jaxb\txw2\2.3.5\txw2-2.3.5.jar;C:\Users\David\.m2\repository\com\sun\istack\istack-commons-runtime\3.0.12\istack-commons-runtime-3.0.12.jar;C:\Users\David\.m2\repository\com\sun\activation\jakarta.activation\1.2.2\jakarta.activation-1.2.2.jar;C:\Users\David\.m2\repository\org\springframework\data\spring-data-jpa\2.6.0\spring-data-jpa-2.6.0.jar;C:\Users\David\.m2\repository\org\springframework\data\spring-data-commons\2.6.0\spring-data-commons-2.6.0.jar;C:\Users\David\.m2\repository\org\springframework\spring-orm\5.3.14\spring-orm-5.3.14.jar;C:\Users\David\.m2\repository\org\springframework\spring-context\5.3.14\spring-context-5.3.14.jar;C:\Users\David\.m2\repository\org\springframework\spring-tx\5.3.14\spring-tx-5.3.14.jar;C:\Users\David\.m2\repository\org\springframework\spring-beans\5.3.14\spring-beans-5.3.14.jar;C:\Users\David\.m2\repository\org\springframework\spring-aspects\5.3.14\spring-aspects-5.3.14.jar;C:\Users\David\.m2\repository\org\springframework\boot\spring-boot-starter-web\2.6.2\spring-boot-starter-web-2.6.2.jar;C:\Users\David\.m2\repository\org\springframework\boot\spring-boot-starter\2.6.2\spring-boot-starter-2.6.2.jar;C:\Users\David\.m2\repository\org\springframework\boot\spring-boot-starter-logging\2.6.2\spring-boot-starter-logging-2.6.2.jar;C:\Users\David\.m2\repository\ch\qos\logback\logback-classic\1.2.9\logback-classic-1.2.9.jar;C:\Users\David\.m2\repository\ch\qos\logback\logback-core\1.2.9\logback-core-1.2.9.jar;C:\Users\David\.m2\repository\org\apache\logging\log4j\log4j-to-slf4j\2.17.0\log4j-to-slf4j-2.17.0.jar;C:\Users\David\.m2\repository\org\apache\logging\log4j\log4j-api\2.17.0\log4j-api-2.17.0.jar;C:\Users\David\.m2\repository\org\slf4j\jul-to-slf4j\1.7.32\jul-to-slf4j-1.7.32.jar;C:\Users\David\.m2\repository\jakarta\annotation\jakarta.annotation-api\1.3.5\jakarta.annotation-api-1.3.5.jar;C:\Users\David\.m2\repository\org\yaml\snakeyaml\1.29\snakeyaml-1.29.jar;C:\Users\David\.m2\repository\org\springframework\boot\spring-boot-starter-json\2.6.2\spring-boot-starter-json-2.6.2.jar;C:\Users\David\.m2\repository\com\fasterxml\jackson\datatype\jackson-datatype-jdk8\2.13.1\jackson-datatype-jdk8-2.13.1.jar;C:\Users\David\.m2\repository\com\fasterxml\jackson\datatype\jackson-datatype-jsr310\2.13.1\jackson-datatype-jsr310-2.13.1.jar;C:\Users\David\.m2\repository\com\fasterxml\jackson\module\jackson-module-parameter-names\2.13.1\jackson-module-parameter-names-2.13.1.jar;C:\Users\David\.m2\repository\org\springframework\boot\spring-boot-starter-tomcat\2.6.2\spring-boot-starter-tomcat-2.6.2.jar;C:\Users\David\.m2\repository\org\apache\tomcat\embed\tomcat-embed-core\9.0.56\tomcat-embed-core-9.0.56.jar;C:\Users\David\.m2\repository\org\apache\tomcat\embed\tomcat-embed-el\9.0.56\tomcat-embed-el-9.0.56.jar;C:\Users\David\.m2\repository\org\apache\tomcat\embed\tomcat-embed-websocket\9.0.56\tomcat-embed-websocket-9.0.56.jar;C:\Users\David\.m2\repository\org\springframework\spring-web\5.3.14\spring-web-5.3.14.jar;C:\Users\David\.m2\repository\org\springframework\spring-webmvc\5.3.14\spring-webmvc-5.3.14.jar;C:\Users\David\.m2\repository\org\springframework\spring-expression\5.3.14\spring-expression-5.3.14.jar;C:\Users\David\.m2\repository\com\vaadin\vaadin-spring-boot-starter\14.8.0\vaadin-spring-boot-starter-14.8.0.jar;C:\Users\David\.m2\repository\com\vaadin\vaadin-spring\12.4.2\vaadin-spring-12.4.2.jar;C:\Users\David\.m2\repository\com\vaadin\flow-server\2.7.6\flow-server-2.7.6.jar;C:\Users\David\.m2\repository\com\vaadin\external\gwt\gwt-elemental\2.8.2.vaadin2\gwt-elemental-2.8.2.vaadin2.jar;C:\Users\David\.m2\repository\commons-fileupload\commons-fileupload\1.3.3\commons-fileupload-1.3.3.jar;C:\Users\David\.m2\repository\org\jsoup\jsoup\1.14.3\jsoup-1.14.3.jar;C:\Users\David\.m2\repository\com\helger\ph-css\6.1.1\ph-css-6.1.1.jar;C:\Users\David\.m2\repository\com\helger\ph-commons\9.1.2\ph-commons-9.1.2.jar;C:\Users\David\.m2\repository\com\vaadin\external\gentyref\1.2.0.vaadin1\gentyref-1.2.0.vaadin1.jar;C:\Users\David\.m2\repository\org\apache\commons\commons-compress\1.21\commons-compress-1.21.jar;C:\Users\David\.m2\repository\com\vaadin\flow-push\2.7.6\flow-push-2.7.6.jar;C:\Users\David\.m2\repository\com\vaadin\external\atmosphere\atmosphere-runtime\2.4.30.slf4jvaadin1\atmosphere-runtime-2.4.30.slf4jvaadin1.jar;C:\Users\David\.m2\repository\com\vaadin\flow-client\2.7.6\flow-client-2.7.6.jar;C:\Users\David\.m2\repository\org\springframework\spring-websocket\5.3.14\spring-websocket-5.3.14.jar;C:\Users\David\.m2\repository\com\vaadin\vaadin-core\14.8.0\vaadin-core-14.8.0.jar;C:\Users\David\.m2\repository\com\vaadin\flow-lit-template\2.7.6\flow-lit-template-2.7.6.jar;C:\Users\David\.m2\repository\com\vaadin\flow-html-components\2.7.6\flow-html-components-2.7.6.jar;C:\Users\David\.m2\repository\com\vaadin\flow-data\2.7.6\flow-data-2.7.6.jar;C:\Users\David\.m2\repository\javax\validation\validation-api\2.0.1.Final\validation-api-2.0.1.Final.jar;C:\Users\David\.m2\repository\com\vaadin\flow-dnd\2.7.6\flow-dnd-2.7.6.jar;C:\Users\David\.m2\repository\org\webjars\npm\vaadin__vaadin-mobile-drag-drop\1.0.0\vaadin__vaadin-mobile-drag-drop-1.0.0.jar;C:\Users\David\.m2\repository\org\webjars\npm\mobile-drag-drop\2.3.0-rc.1\mobile-drag-drop-2.3.0-rc.1.jar;C:\Users\David\.m2\repository\com\vaadin\vaadin-lumo-theme\2.7.6\vaadin-lumo-theme-2.7.6.jar;C:\Users\David\.m2\repository\org\webjars\bowergithub\vaadin\vaadin-lumo-styles\1.6.1\vaadin-lumo-styles-1.6.1.jar;C:\Users\David\.m2\repository\org\webjars\bowergithub\polymerelements\iron-icon\2.1.0\iron-icon-2.1.0.jar;C:\Users\David\.m2\repository\org\webjars\bowergithub\polymerelements\iron-meta\2.1.1\iron-meta-2.1.1.jar;C:\Users\David\.m2\repository\org\webjars\bowergithub\polymerelements\iron-iconset-svg\2.2.1\iron-iconset-svg-2.2.1.jar;C:\Users\David\.m2\repository\org\webjars\bowergithub\polymerelements\iron-flex-layout\2.0.3\iron-flex-layout-2.0.3.jar;C:\Users\David\.m2\repository\org\webjars\bowergithub\polymer\polymer\2.7.0\polymer-2.7.0.jar;C:\Users\David\.m2\repository\org\webjars\bowergithub\webcomponents\shadycss\1.8.0\shadycss-1.8.0.jar;C:\Users\David\.m2\repository\com\vaadin\vaadin-material-theme\2.7.6\vaadin-material-theme-2.7.6.jar;C:\Users\David\.m2\repository\org\webjars\bowergithub\vaadin\vaadin-material-styles\1.3.2\vaadin-material-styles-1.3.2.jar;C:\Users\David\.m2\repository\com\vaadin\vaadin-accordion-flow\14.8.0\vaadin-accordion-flow-14.8.0.jar;C:\Users\David\.m2\repository\org\webjars\bowergithub\vaadin\vaadin-accordion\1.2.0\vaadin-accordion-1.2.0.jar;C:\Users\David\.m2\repository\org\webjars\bowergithub\vaadin\vaadin-themable-mixin\1.6.2\vaadin-themable-mixin-1.6.2.jar;C:\Users\David\.m2\repository\org\webjars\bowergithub\webcomponents\webcomponentsjs\1.2.6\webcomponentsjs-1.2.6.jar;C:\Users\David\.m2\repository\org\webjars\bowergithub\vaadin\vaadin-element-mixin\2.4.2\vaadin-element-mixin-2.4.2.jar;C:\Users\David\.m2\repository\org\webjars\bowergithub\vaadin\vaadin-usage-statistics\2.1.0\vaadin-usage-statistics-2.1.0.jar;C:\Users\David\.m2\repository\org\webjars\bowergithub\vaadin\vaadin-development-mode-detector\2.0.4\vaadin-development-mode-detector-2.0.4.jar;C:\Users\David\.m2\repository\com\vaadin\vaadin-avatar-flow\14.8.0\vaadin-avatar-flow-14.8.0.jar;C:\Users\David\.m2\repository\org\webjars\bowergithub\vaadin\vaadin-avatar\1.0.4\vaadin-avatar-1.0.4.jar;C:\Users\David\.m2\repository\org\webjars\bowergithub\polymerelements\iron-a11y-announcer\2.1.0\iron-a11y-announcer-2.1.0.jar;C:\Users\David\.m2\repository\org\webjars\bowergithub\polymerelements\iron-resizable-behavior\2.1.1\iron-resizable-behavior-2.1.1.jar;C:\Users\David\.m2\repository\org\webjars\bowergithub\vaadin\vaadin-list-box\1.4.0\vaadin-list-box-1.4.0.jar;C:\Users\David\.m2\repository\org\webjars\bowergithub\vaadin\vaadin-list-mixin\2.5.1\vaadin-list-mixin-2.5.1.jar;C:\Users\David\.m2\repository\org\webjars\bowergithub\vaadin\vaadin-item\2.3.0\vaadin-item-2.3.0.jar;C:\Users\David\.m2\repository\org\webjars\bowergithub\vaadin\vaadin-overlay\3.5.1\vaadin-overlay-3.5.1.jar;C:\Users\David\.m2\repository\org\webjars\bowergithub\vaadin\vaadin-control-state-mixin\2.2.4\vaadin-control-state-mixin-2.2.4.jar;C:\Users\David\.m2\repository\com\vaadin\vaadin-button-flow\14.8.0\vaadin-button-flow-14.8.0.jar;C:\Users\David\.m2\repository\org\webjars\bowergithub\vaadin\vaadin-button\2.4.0\vaadin-button-2.4.0.jar;C:\Users\David\.m2\repository\com\vaadin\vaadin-checkbox-flow\14.8.0\vaadin-checkbox-flow-14.8.0.jar;C:\Users\David\.m2\repository\org\webjars\bowergithub\vaadin\vaadin-checkbox\2.5.1\vaadin-checkbox-2.5.1.jar;C:\Users\David\.m2\repository\com\vaadin\vaadin-combo-box-flow\14.8.0\vaadin-combo-box-flow-14.8.0.jar;C:\Users\David\.m2\repository\org\webjars\bowergithub\vaadin\vaadin-combo-box\5.4.10\vaadin-combo-box-5.4.10.jar;C:\Users\David\.m2\repository\org\webjars\bowergithub\vaadin\vaadin-text-field\2.9.0\vaadin-text-field-2.9.0.jar;C:\Users\David\.m2\repository\org\webjars\bowergithub\polymerelements\iron-list\2.0.20\iron-list-2.0.20.jar;C:\Users\David\.m2\repository\org\webjars\bowergithub\polymerelements\iron-scroll-target-behavior\2.1.1\iron-scroll-target-behavior-2.1.1.jar;C:\Users\David\.m2\repository\org\webjars\bowergithub\polymerelements\iron-a11y-keys-behavior\2.1.1\iron-a11y-keys-behavior-2.1.1.jar;C:\Users\David\.m2\repository\org\webjars\bowergithub\polymerelements\iron-overlay-behavior\2.3.4\iron-overlay-behavior-2.3.4.jar;C:\Users\David\.m2\repository\org\webjars\bowergithub\polymerelements\iron-fit-behavior\2.2.1\iron-fit-behavior-2.2.1.jar;C:\Users\David\.m2\repository\com\vaadin\vaadin-custom-field-flow\14.8.0\vaadin-custom-field-flow-14.8.0.jar;C:\Users\David\.m2\repository\org\webjars\bowergithub\vaadin\vaadin-custom-field\1.3.1\vaadin-custom-field-1.3.1.jar;C:\Users\David\.m2\repository\com\vaadin\vaadin-date-picker-flow\14.8.0\vaadin-date-picker-flow-14.8.0.jar;C:\Users\David\.m2\repository\org\webjars\bowergithub\vaadin\vaadin-date-picker\4.4.1\vaadin-date-picker-4.4.1.jar;C:\Users\David\.m2\repository\org\webjars\bowergithub\polymerelements\iron-media-query\2.1.0\iron-media-query-2.1.0.jar;C:\Users\David\.m2\repository\com\vaadin\vaadin-date-time-picker-flow\14.8.0\vaadin-date-time-picker-flow-14.8.0.jar;C:\Users\David\.m2\repository\org\webjars\bowergithub\vaadin\vaadin-date-time-picker\1.4.0\vaadin-date-time-picker-1.4.0.jar;C:\Users\David\.m2\repository\org\webjars\bowergithub\vaadin\vaadin-time-picker\2.4.0\vaadin-time-picker-2.4.0.jar;C:\Users\David\.m2\repository\com\vaadin\vaadin-details-flow\14.8.0\vaadin-details-flow-14.8.0.jar;C:\Users\David\.m2\repository\org\webjars\bowergithub\vaadin\vaadin-details\1.2.0\vaadin-details-1.2.0.jar;C:\Users\David\.m2\repository\com\vaadin\vaadin-time-picker-flow\14.8.0\vaadin-time-picker-flow-14.8.0.jar;C:\Users\David\.m2\repository\com\vaadin\vaadin-select-flow\14.8.0\vaadin-select-flow-14.8.0.jar;C:\Users\David\.m2\repository\org\webjars\bowergithub\vaadin\vaadin-select\2.4.1\vaadin-select-2.4.1.jar;C:\Users\David\.m2\repository\com\vaadin\vaadin-dialog-flow\14.8.0\vaadin-dialog-flow-14.8.0.jar;C:\Users\David\.m2\repository\org\webjars\bowergithub\vaadin\vaadin-dialog\2.6.0\vaadin-dialog-2.6.0.jar;C:\Users\David\.m2\repository\com\vaadin\vaadin-form-layout-flow\14.8.0\vaadin-form-layout-flow-14.8.0.jar;C:\Users\David\.m2\repository\org\webjars\bowergithub\vaadin\vaadin-form-layout\2.3.0\vaadin-form-layout-2.3.0.jar;C:\Users\David\.m2\repository\com\vaadin\vaadin-grid-flow\14.8.0\vaadin-grid-flow-14.8.0.jar;C:\Users\David\.m2\repository\org\webjars\bowergithub\vaadin\vaadin-grid\5.9.0\vaadin-grid-5.9.0.jar;C:\Users\David\.m2\repository\org\apache\commons\commons-lang3\3.12.0\commons-lang3-3.12.0.jar;C:\Users\David\.m2\repository\com\vaadin\vaadin-icons-flow\14.8.0\vaadin-icons-flow-14.8.0.jar;C:\Users\David\.m2\repository\org\webjars\bowergithub\vaadin\vaadin-icons\4.3.2\vaadin-icons-4.3.2.jar;C:\Users\David\.m2\repository\com\vaadin\vaadin-iron-list-flow\14.8.0\vaadin-iron-list-flow-14.8.0.jar;C:\Users\David\.m2\repository\com\vaadin\vaadin-list-box-flow\14.8.0\vaadin-list-box-flow-14.8.0.jar;C:\Users\David\.m2\repository\com\vaadin\vaadin-login-flow\14.8.0\vaadin-login-flow-14.8.0.jar;C:\Users\David\.m2\repository\org\webjars\bowergithub\vaadin\vaadin-login\1.2.0\vaadin-login-1.2.0.jar;C:\Users\David\.m2\repository\com\vaadin\vaadin-messages-flow\14.8.0\vaadin-messages-flow-14.8.0.jar;C:\Users\David\.m2\repository\com\vaadin\vaadin-ordered-layout-flow\14.8.0\vaadin-ordered-layout-flow-14.8.0.jar;C:\Users\David\.m2\repository\org\webjars\bowergithub\vaadin\vaadin-ordered-layout\1.4.0\vaadin-ordered-layout-1.4.0.jar;C:\Users\David\.m2\repository\com\vaadin\vaadin-progress-bar-flow\14.8.0\vaadin-progress-bar-flow-14.8.0.jar;C:\Users\David\.m2\repository\org\webjars\bowergithub\vaadin\vaadin-progress-bar\1.3.0\vaadin-progress-bar-1.3.0.jar;C:\Users\David\.m2\repository\com\vaadin\vaadin-radio-button-flow\14.8.0\vaadin-radio-button-flow-14.8.0.jar;C:\Users\David\.m2\repository\org\webjars\bowergithub\vaadin\vaadin-radio-button\1.5.4\vaadin-radio-button-1.5.4.jar;C:\Users\David\.m2\repository\com\vaadin\vaadin-split-layout-flow\14.8.0\vaadin-split-layout-flow-14.8.0.jar;C:\Users\David\.m2\repository\org\webjars\bowergithub\vaadin\vaadin-split-layout\4.3.0\vaadin-split-layout-4.3.0.jar;C:\Users\David\.m2\repository\com\vaadin\vaadin-tabs-flow\14.8.0\vaadin-tabs-flow-14.8.0.jar;C:\Users\David\.m2\repository\org\webjars\bowergithub\vaadin\vaadin-tabs\3.2.0\vaadin-tabs-3.2.0.jar;C:\Users\David\.m2\repository\com\vaadin\vaadin-text-field-flow\14.8.0\vaadin-text-field-flow-14.8.0.jar;C:\Users\David\.m2\repository\com\vaadin\vaadin-upload-flow\14.8.0\vaadin-upload-flow-14.8.0.jar;C:\Users\David\.m2\repository\org\webjars\bowergithub\vaadin\vaadin-upload\4.4.3\vaadin-upload-4.4.3.jar;C:\Users\David\.m2\repository\com\vaadin\vaadin-notification-flow\14.8.0\vaadin-notification-flow-14.8.0.jar;C:\Users\David\.m2\repository\org\webjars\bowergithub\vaadin\vaadin-notification\1.6.1\vaadin-notification-1.6.1.jar;C:\Users\David\.m2\repository\com\vaadin\vaadin-app-layout-flow\14.8.0\vaadin-app-layout-flow-14.8.0.jar;C:\Users\David\.m2\repository\org\webjars\bowergithub\vaadin\vaadin-app-layout\2.2.0\vaadin-app-layout-2.2.0.jar;C:\Users\David\.m2\repository\com\vaadin\vaadin-context-menu-flow\14.8.0\vaadin-context-menu-flow-14.8.0.jar;C:\Users\David\.m2\repository\org\webjars\bowergithub\vaadin\vaadin-context-menu\4.6.0\vaadin-context-menu-4.6.0.jar;C:\Users\David\.m2\repository\com\vaadin\vaadin-menu-bar-flow\14.8.0\vaadin-menu-bar-flow-14.8.0.jar;C:\Users\David\.m2\repository\org\webjars\bowergithub\vaadin\vaadin-menu-bar\1.3.0\vaadin-menu-bar-1.3.0.jar;C:\Users\David\.m2\repository\org\springframework\boot\spring-boot-devtools\2.6.2\spring-boot-devtools-2.6.2.jar;C:\Users\David\.m2\repository\org\springframework\boot\spring-boot\2.6.2\spring-boot-2.6.2.jar;C:\Users\David\.m2\repository\org\springframework\boot\spring-boot-autoconfigure\2.6.2\spring-boot-autoconfigure-2.6.2.jar;C:\Users\David\.m2\repository\com\h2database\h2\1.4.200\h2-1.4.200.jar;C:\Users\David\.m2\repository\org\projectlombok\lombok\1.18.22\lombok-1.18.22.jar;C:\Users\David\.m2\repository\org\springframework\boot\spring-boot-starter-test\2.6.2\spring-boot-starter-test-2.6.2.jar;C:\Users\David\.m2\repository\org\springframework\boot\spring-boot-test\2.6.2\spring-boot-test-2.6.2.jar;C:\Users\David\.m2\repository\org\springframework\boot\spring-boot-test-autoconfigure\2.6.2\spring-boot-test-autoconfigure-2.6.2.jar;C:\Users\David\.m2\repository\com\jayway\jsonpath\json-path\2.6.0\json-path-2.6.0.jar;C:\Users\David\.m2\repository\net\minidev\json-smart\2.4.7\json-smart-2.4.7.jar;C:\Users\David\.m2\repository\net\minidev\accessors-smart\2.4.7\accessors-smart-2.4.7.jar;C:\Users\David\.m2\repository\org\ow2\asm\asm\9.1\asm-9.1.jar;C:\Users\David\.m2\repository\jakarta\xml\bind\jakarta.xml.bind-api\2.3.3\jakarta.xml.bind-api-2.3.3.jar;C:\Users\David\.m2\repository\jakarta\activation\jakarta.activation-api\1.2.2\jakarta.activation-api-1.2.2.jar;C:\Users\David\.m2\repository\org\assertj\assertj-core\3.21.0\assertj-core-3.21.0.jar;C:\Users\David\.m2\repository\org\hamcrest\hamcrest\2.2\hamcrest-2.2.jar;C:\Users\David\.m2\repository\org\junit\jupiter\junit-jupiter\5.8.2\junit-jupiter-5.8.2.jar;C:\Users\David\.m2\repository\org\junit\jupiter\junit-jupiter-api\5.8.2\junit-jupiter-api-5.8.2.jar;C:\Users\David\.m2\repository\org\opentest4j\opentest4j\1.2.0\opentest4j-1.2.0.jar;C:\Users\David\.m2\repository\org\junit\platform\junit-platform-commons\1.8.2\junit-platform-commons-1.8.2.jar;C:\Users\David\.m2\repository\org\apiguardian\apiguardian-api\1.1.2\apiguardian-api-1.1.2.jar;C:\Users\David\.m2\repository\org\junit\jupiter\junit-jupiter-params\5.8.2\junit-jupiter-params-5.8.2.jar;C:\Users\David\.m2\repository\org\junit\jupiter\junit-jupiter-engine\5.8.2\junit-jupiter-engine-5.8.2.jar;C:\Users\David\.m2\repository\org\junit\platform\junit-platform-engine\1.8.2\junit-platform-engine-1.8.2.jar;C:\Users\David\.m2\repository\org\mockito\mockito-core\4.0.0\mockito-core-4.0.0.jar;C:\Users\David\.m2\repository\net\bytebuddy\byte-buddy-agent\1.11.22\byte-buddy-agent-1.11.22.jar;C:\Users\David\.m2\repository\org\objenesis\objenesis\3.2\objenesis-3.2.jar;C:\Users\David\.m2\repository\org\mockito\mockito-junit-jupiter\4.0.0\mockito-junit-jupiter-4.0.0.jar;C:\Users\David\.m2\repository\org\skyscreamer\jsonassert\1.5.0\jsonassert-1.5.0.jar;C:\Users\David\.m2\repository\com\vaadin\external\google\android-json\0.0.20131108.vaadin1\android-json-0.0.20131108.vaadin1.jar;C:\Users\David\.m2\repository\org\springframework\spring-core\5.3.14\spring-core-5.3.14.jar;C:\Users\David\.m2\repository\org\springframework\spring-jcl\5.3.14\spring-jcl-5.3.14.jar;C:\Users\David\.m2\repository\org\springframework\spring-test\5.3.14\spring-test-5.3.14.jar;C:\Users\David\.m2\repository\org\xmlunit\xmlunit-core\2.8.4\xmlunit-core-2.8.4.jar;C:\Users\David\.m2\repository\org\telegram\telegrambots\5.5.0\telegrambots-5.5.0.jar;C:\Users\David\.m2\repository\org\telegram\telegrambots-meta\5.5.0\telegrambots-meta-5.5.0.jar;C:\Users\David\.m2\repository\com\google\guava\guava\30.0-jre\guava-30.0-jre.jar;C:\Users\David\.m2\repository\com\google\guava\failureaccess\1.0.1\failureaccess-1.0.1.jar;C:\Users\David\.m2\repository\com\google\guava\listenablefuture\9999.0-empty-to-avoid-conflict-with-guava\listenablefuture-9999.0-empty-to-avoid-conflict-with-guava.jar;C:\Users\David\.m2\repository\com\google\code\findbugs\jsr305\3.0.2\jsr305-3.0.2.jar;C:\Users\David\.m2\repository\org\checkerframework\checker-qual\3.5.0\checker-qual-3.5.0.jar;C:\Users\David\.m2\repository\com\google\errorprone\error_prone_annotations\2.3.4\error_prone_annotations-2.3.4.jar;C:\Users\David\.m2\repository\com\google\j2objc\j2objc-annotations\1.3\j2objc-annotations-1.3.jar;C:\Users\David\.m2\repository\com\fasterxml\jackson\core\jackson-annotations\2.13.1\jackson-annotations-2.13.1.jar;C:\Users\David\.m2\repository\com\fasterxml\jackson\jaxrs\jackson-jaxrs-json-provider\2.13.1\jackson-jaxrs-json-provider-2.13.1.jar;C:\Users\David\.m2\repository\com\fasterxml\jackson\jaxrs\jackson-jaxrs-base\2.13.1\jackson-jaxrs-base-2.13.1.jar;C:\Users\David\.m2\repository\com\fasterxml\jackson\module\jackson-module-jaxb-annotations\2.13.1\jackson-module-jaxb-annotations-2.13.1.jar;C:\Users\David\.m2\repository\com\fasterxml\jackson\core\jackson-core\2.13.1\jackson-core-2.13.1.jar;C:\Users\David\.m2\repository\com\fasterxml\jackson\core\jackson-databind\2.13.1\jackson-databind-2.13.1.jar;C:\Users\David\.m2\repository\org\glassfish\jersey\inject\jersey-hk2\2.35\jersey-hk2-2.35.jar;C:\Users\David\.m2\repository\org\glassfish\jersey\core\jersey-common\2.35\jersey-common-2.35.jar;C:\Users\David\.m2\repository\org\glassfish\hk2\osgi-resource-locator\1.0.3\osgi-resource-locator-1.0.3.jar;C:\Users\David\.m2\repository\org\glassfish\hk2\hk2-locator\2.6.1\hk2-locator-2.6.1.jar;C:\Users\David\.m2\repository\org\glassfish\hk2\external\aopalliance-repackaged\2.6.1\aopalliance-repackaged-2.6.1.jar;C:\Users\David\.m2\repository\org\glassfish\hk2\hk2-api\2.6.1\hk2-api-2.6.1.jar;C:\Users\David\.m2\repository\org\glassfish\hk2\hk2-utils\2.6.1\hk2-utils-2.6.1.jar;C:\Users\David\.m2\repository\org\javassist\javassist\3.25.0-GA\javassist-3.25.0-GA.jar;C:\Users\David\.m2\repository\org\glassfish\jersey\media\jersey-media-json-jackson\2.35\jersey-media-json-jackson-2.35.jar;C:\Users\David\.m2\repository\org\glassfish\jersey\ext\jersey-entity-filtering\2.35\jersey-entity-filtering-2.35.jar;C:\Users\David\.m2\repository\org\glassfish\jersey\containers\jersey-container-grizzly2-http\2.35\jersey-container-grizzly2-http-2.35.jar;C:\Users\David\.m2\repository\org\glassfish\hk2\external\jakarta.inject\2.6.1\jakarta.inject-2.6.1.jar;C:\Users\David\.m2\repository\org\glassfish\grizzly\grizzly-http-server\2.4.4\grizzly-http-server-2.4.4.jar;C:\Users\David\.m2\repository\org\glassfish\grizzly\grizzly-http\2.4.4\grizzly-http-2.4.4.jar;C:\Users\David\.m2\repository\org\glassfish\grizzly\grizzly-framework\2.4.4\grizzly-framework-2.4.4.jar;C:\Users\David\.m2\repository\jakarta\ws\rs\jakarta.ws.rs-api\2.1.6\jakarta.ws.rs-api-2.1.6.jar;C:\Users\David\.m2\repository\org\glassfish\jersey\core\jersey-server\2.35\jersey-server-2.35.jar;C:\Users\David\.m2\repository\org\glassfish\jersey\core\jersey-client\2.35\jersey-client-2.35.jar;C:\Users\David\.m2\repository\jakarta\validation\jakarta.validation-api\2.0.2\jakarta.validation-api-2.0.2.jar;C:\Users\David\.m2\repository\org\json\json\20180813\json-20180813.jar;C:\Users\David\.m2\repository\org\apache\httpcomponents\httpclient\4.5.13\httpclient-4.5.13.jar;C:\Users\David\.m2\repository\org\apache\httpcomponents\httpcore\4.4.15\httpcore-4.4.15.jar;C:\Users\David\.m2\repository\commons-codec\commons-codec\1.15\commons-codec-1.15.jar;C:\Users\David\.m2\repository\org\apache\httpcomponents\httpmime\4.5.13\httpmime-4.5.13.jar;C:\Users\David\.m2\repository\commons-io\commons-io\2.8.0\commons-io-2.8.0.jar;C:\Users\David\.m2\repository\org\slf4j\slf4j-api\1.7.32\slf4j-api-1.7.32.jar;C:\Users\David\.m2\repository\com\vdurmont\emoji-java\5.1.1\emoji-java-5.1.1.jar;C:\Users\David\.m2\repository\commons-validator\commons-validator\1.7\commons-validator-1.7.jar;C:\Users\David\.m2\repository\commons-beanutils\commons-beanutils\1.9.4\commons-beanutils-1.9.4.jar;C:\Users\David\.m2\repository\commons-digester\commons-digester\2.1\commons-digester-2.1.jar;C:\Users\David\.m2\repository\commons-logging\commons-logging\1.2\commons-logging-1.2.jar;C:\Users\David\.m2\repository\commons-collections\commons-collections\3.2.2\commons-collections-3.2.2.jar;"/>
    <property name="java.vm.vendor" value="Oracle Corporation"/>
    <property name="sun.arch.data.model" value="64"/>
    <property name="user.variant" value=""/>
    <property name="java.vendor.url" value="https://openjdk.java.net/"/>
    <property name="user.timezone" value="America/Santiago"/>
    <property name="java.vm.specification.version" value="11"/>
    <property name="os.name" value="Windows 10"/>
    <property name="sun.java.launcher" value="SUN_STANDARD"/>
    <property name="user.country" value="CL"/>
    <property name="sun.boot.library.path" value="C:\Program Files\Java\jdk-11.0.12\bin"/>
    <property name="sun.java.command" value="C:\Users\David\AppData\Local\Temp\surefire5384255154640273386\surefirebooter7183874493061354029.jar C:\Users\David\AppData\Local\Temp\surefire5384255154640273386 2021-12-28T13-20-54_504-jvmRun1 surefire6104391551959123404tmp surefire_06061730334907961396tmp"/>
    <property name="jdk.debug" value="release"/>
    <property name="surefire.test.class.path" value="d:\Development\springboot\uncledavecode\notificator\target\test-classes;d:\Development\springboot\uncledavecode\notificator\target\classes;C:\Users\David\.m2\repository\org\springframework\boot\spring-boot-starter-data-jpa\2.6.2\spring-boot-starter-data-jpa-2.6.2.jar;C:\Users\David\.m2\repository\org\springframework\boot\spring-boot-starter-aop\2.6.2\spring-boot-starter-aop-2.6.2.jar;C:\Users\David\.m2\repository\org\springframework\spring-aop\5.3.14\spring-aop-5.3.14.jar;C:\Users\David\.m2\repository\org\aspectj\aspectjweaver\1.9.7\aspectjweaver-1.9.7.jar;C:\Users\David\.m2\repository\org\springframework\boot\spring-boot-starter-jdbc\2.6.2\spring-boot-starter-jdbc-2.6.2.jar;C:\Users\David\.m2\repository\com\zaxxer\HikariCP\4.0.3\HikariCP-4.0.3.jar;C:\Users\David\.m2\repository\org\springframework\spring-jdbc\5.3.14\spring-jdbc-5.3.14.jar;C:\Users\David\.m2\repository\jakarta\transaction\jakarta.transaction-api\1.3.3\jakarta.transaction-api-1.3.3.jar;C:\Users\David\.m2\repository\jakarta\persistence\jakarta.persistence-api\2.2.3\jakarta.persistence-api-2.2.3.jar;C:\Users\David\.m2\repository\org\hibernate\hibernate-core\5.6.3.Final\hibernate-core-5.6.3.Final.jar;C:\Users\David\.m2\repository\org\jboss\logging\jboss-logging\3.4.2.Final\jboss-logging-3.4.2.Final.jar;C:\Users\David\.m2\repository\net\bytebuddy\byte-buddy\1.11.22\byte-buddy-1.11.22.jar;C:\Users\David\.m2\repository\antlr\antlr\2.7.7\antlr-2.7.7.jar;C:\Users\David\.m2\repository\org\jboss\jandex\2.2.3.Final\jandex-2.2.3.Final.jar;C:\Users\David\.m2\repository\com\fasterxml\classmate\1.5.1\classmate-1.5.1.jar;C:\Users\David\.m2\repository\org\hibernate\common\hibernate-commons-annotations\5.1.2.Final\hibernate-commons-annotations-5.1.2.Final.jar;C:\Users\David\.m2\repository\org\glassfish\jaxb\jaxb-runtime\2.3.5\jaxb-runtime-2.3.5.jar;C:\Users\David\.m2\repository\org\glassfish\jaxb\txw2\2.3.5\txw2-2.3.5.jar;C:\Users\David\.m2\repository\com\sun\istack\istack-commons-runtime\3.0.12\istack-commons-runtime-3.0.12.jar;C:\Users\David\.m2\repository\com\sun\activation\jakarta.activation\1.2.2\jakarta.activation-1.2.2.jar;C:\Users\David\.m2\repository\org\springframework\data\spring-data-jpa\2.6.0\spring-data-jpa-2.6.0.jar;C:\Users\David\.m2\repository\org\springframework\data\spring-data-commons\2.6.0\spring-data-commons-2.6.0.jar;C:\Users\David\.m2\repository\org\springframework\spring-orm\5.3.14\spring-orm-5.3.14.jar;C:\Users\David\.m2\repository\org\springframework\spring-context\5.3.14\spring-context-5.3.14.jar;C:\Users\David\.m2\repository\org\springframework\spring-tx\5.3.14\spring-tx-5.3.14.jar;C:\Users\David\.m2\repository\org\springframework\spring-beans\5.3.14\spring-beans-5.3.14.jar;C:\Users\David\.m2\repository\org\springframework\spring-aspects\5.3.14\spring-aspects-5.3.14.jar;C:\Users\David\.m2\repository\org\springframework\boot\spring-boot-starter-web\2.6.2\spring-boot-starter-web-2.6.2.jar;C:\Users\David\.m2\repository\org\springframework\boot\spring-boot-starter\2.6.2\spring-boot-starter-2.6.2.jar;C:\Users\David\.m2\repository\org\springframework\boot\spring-boot-starter-logging\2.6.2\spring-boot-starter-logging-2.6.2.jar;C:\Users\David\.m2\repository\ch\qos\logback\logback-classic\1.2.9\logback-classic-1.2.9.jar;C:\Users\David\.m2\repository\ch\qos\logback\logback-core\1.2.9\logback-core-1.2.9.jar;C:\Users\David\.m2\repository\org\apache\logging\log4j\log4j-to-slf4j\2.17.0\log4j-to-slf4j-2.17.0.jar;C:\Users\David\.m2\repository\org\apache\logging\log4j\log4j-api\2.17.0\log4j-api-2.17.0.jar;C:\Users\David\.m2\repository\org\slf4j\jul-to-slf4j\1.7.32\jul-to-slf4j-1.7.32.jar;C:\Users\David\.m2\repository\jakarta\annotation\jakarta.annotation-api\1.3.5\jakarta.annotation-api-1.3.5.jar;C:\Users\David\.m2\repository\org\yaml\snakeyaml\1.29\snakeyaml-1.29.jar;C:\Users\David\.m2\repository\org\springframework\boot\spring-boot-starter-json\2.6.2\spring-boot-starter-json-2.6.2.jar;C:\Users\David\.m2\repository\com\fasterxml\jackson\datatype\jackson-datatype-jdk8\2.13.1\jackson-datatype-jdk8-2.13.1.jar;C:\Users\David\.m2\repository\com\fasterxml\jackson\datatype\jackson-datatype-jsr310\2.13.1\jackson-datatype-jsr310-2.13.1.jar;C:\Users\David\.m2\repository\com\fasterxml\jackson\module\jackson-module-parameter-names\2.13.1\jackson-module-parameter-names-2.13.1.jar;C:\Users\David\.m2\repository\org\springframework\boot\spring-boot-starter-tomcat\2.6.2\spring-boot-starter-tomcat-2.6.2.jar;C:\Users\David\.m2\repository\org\apache\tomcat\embed\tomcat-embed-core\9.0.56\tomcat-embed-core-9.0.56.jar;C:\Users\David\.m2\repository\org\apache\tomcat\embed\tomcat-embed-el\9.0.56\tomcat-embed-el-9.0.56.jar;C:\Users\David\.m2\repository\org\apache\tomcat\embed\tomcat-embed-websocket\9.0.56\tomcat-embed-websocket-9.0.56.jar;C:\Users\David\.m2\repository\org\springframework\spring-web\5.3.14\spring-web-5.3.14.jar;C:\Users\David\.m2\repository\org\springframework\spring-webmvc\5.3.14\spring-webmvc-5.3.14.jar;C:\Users\David\.m2\repository\org\springframework\spring-expression\5.3.14\spring-expression-5.3.14.jar;C:\Users\David\.m2\repository\com\vaadin\vaadin-spring-boot-starter\14.8.0\vaadin-spring-boot-starter-14.8.0.jar;C:\Users\David\.m2\repository\com\vaadin\vaadin-spring\12.4.2\vaadin-spring-12.4.2.jar;C:\Users\David\.m2\repository\com\vaadin\flow-server\2.7.6\flow-server-2.7.6.jar;C:\Users\David\.m2\repository\com\vaadin\external\gwt\gwt-elemental\2.8.2.vaadin2\gwt-elemental-2.8.2.vaadin2.jar;C:\Users\David\.m2\repository\commons-fileupload\commons-fileupload\1.3.3\commons-fileupload-1.3.3.jar;C:\Users\David\.m2\repository\org\jsoup\jsoup\1.14.3\jsoup-1.14.3.jar;C:\Users\David\.m2\repository\com\helger\ph-css\6.1.1\ph-css-6.1.1.jar;C:\Users\David\.m2\repository\com\helger\ph-commons\9.1.2\ph-commons-9.1.2.jar;C:\Users\David\.m2\repository\com\vaadin\external\gentyref\1.2.0.vaadin1\gentyref-1.2.0.vaadin1.jar;C:\Users\David\.m2\repository\org\apache\commons\commons-compress\1.21\commons-compress-1.21.jar;C:\Users\David\.m2\repository\com\vaadin\flow-push\2.7.6\flow-push-2.7.6.jar;C:\Users\David\.m2\repository\com\vaadin\external\atmosphere\atmosphere-runtime\2.4.30.slf4jvaadin1\atmosphere-runtime-2.4.30.slf4jvaadin1.jar;C:\Users\David\.m2\repository\com\vaadin\flow-client\2.7.6\flow-client-2.7.6.jar;C:\Users\David\.m2\repository\org\springframework\spring-websocket\5.3.14\spring-websocket-5.3.14.jar;C:\Users\David\.m2\repository\com\vaadin\vaadin-core\14.8.0\vaadin-core-14.8.0.jar;C:\Users\David\.m2\repository\com\vaadin\flow-lit-template\2.7.6\flow-lit-template-2.7.6.jar;C:\Users\David\.m2\repository\com\vaadin\flow-html-components\2.7.6\flow-html-components-2.7.6.jar;C:\Users\David\.m2\repository\com\vaadin\flow-data\2.7.6\flow-data-2.7.6.jar;C:\Users\David\.m2\repository\javax\validation\validation-api\2.0.1.Final\validation-api-2.0.1.Final.jar;C:\Users\David\.m2\repository\com\vaadin\flow-dnd\2.7.6\flow-dnd-2.7.6.jar;C:\Users\David\.m2\repository\org\webjars\npm\vaadin__vaadin-mobile-drag-drop\1.0.0\vaadin__vaadin-mobile-drag-drop-1.0.0.jar;C:\Users\David\.m2\repository\org\webjars\npm\mobile-drag-drop\2.3.0-rc.1\mobile-drag-drop-2.3.0-rc.1.jar;C:\Users\David\.m2\repository\com\vaadin\vaadin-lumo-theme\2.7.6\vaadin-lumo-theme-2.7.6.jar;C:\Users\David\.m2\repository\org\webjars\bowergithub\vaadin\vaadin-lumo-styles\1.6.1\vaadin-lumo-styles-1.6.1.jar;C:\Users\David\.m2\repository\org\webjars\bowergithub\polymerelements\iron-icon\2.1.0\iron-icon-2.1.0.jar;C:\Users\David\.m2\repository\org\webjars\bowergithub\polymerelements\iron-meta\2.1.1\iron-meta-2.1.1.jar;C:\Users\David\.m2\repository\org\webjars\bowergithub\polymerelements\iron-iconset-svg\2.2.1\iron-iconset-svg-2.2.1.jar;C:\Users\David\.m2\repository\org\webjars\bowergithub\polymerelements\iron-flex-layout\2.0.3\iron-flex-layout-2.0.3.jar;C:\Users\David\.m2\repository\org\webjars\bowergithub\polymer\polymer\2.7.0\polymer-2.7.0.jar;C:\Users\David\.m2\repository\org\webjars\bowergithub\webcomponents\shadycss\1.8.0\shadycss-1.8.0.jar;C:\Users\David\.m2\repository\com\vaadin\vaadin-material-theme\2.7.6\vaadin-material-theme-2.7.6.jar;C:\Users\David\.m2\repository\org\webjars\bowergithub\vaadin\vaadin-material-styles\1.3.2\vaadin-material-styles-1.3.2.jar;C:\Users\David\.m2\repository\com\vaadin\vaadin-accordion-flow\14.8.0\vaadin-accordion-flow-14.8.0.jar;C:\Users\David\.m2\repository\org\webjars\bowergithub\vaadin\vaadin-accordion\1.2.0\vaadin-accordion-1.2.0.jar;C:\Users\David\.m2\repository\org\webjars\bowergithub\vaadin\vaadin-themable-mixin\1.6.2\vaadin-themable-mixin-1.6.2.jar;C:\Users\David\.m2\repository\org\webjars\bowergithub\webcomponents\webcomponentsjs\1.2.6\webcomponentsjs-1.2.6.jar;C:\Users\David\.m2\repository\org\webjars\bowergithub\vaadin\vaadin-element-mixin\2.4.2\vaadin-element-mixin-2.4.2.jar;C:\Users\David\.m2\repository\org\webjars\bowergithub\vaadin\vaadin-usage-statistics\2.1.0\vaadin-usage-statistics-2.1.0.jar;C:\Users\David\.m2\repository\org\webjars\bowergithub\vaadin\vaadin-development-mode-detector\2.0.4\vaadin-development-mode-detector-2.0.4.jar;C:\Users\David\.m2\repository\com\vaadin\vaadin-avatar-flow\14.8.0\vaadin-avatar-flow-14.8.0.jar;C:\Users\David\.m2\repository\org\webjars\bowergithub\vaadin\vaadin-avatar\1.0.4\vaadin-avatar-1.0.4.jar;C:\Users\David\.m2\repository\org\webjars\bowergithub\polymerelements\iron-a11y-announcer\2.1.0\iron-a11y-announcer-2.1.0.jar;C:\Users\David\.m2\repository\org\webjars\bowergithub\polymerelements\iron-resizable-behavior\2.1.1\iron-resizable-behavior-2.1.1.jar;C:\Users\David\.m2\repository\org\webjars\bowergithub\vaadin\vaadin-list-box\1.4.0\vaadin-list-box-1.4.0.jar;C:\Users\David\.m2\repository\org\webjars\bowergithub\vaadin\vaadin-list-mixin\2.5.1\vaadin-list-mixin-2.5.1.jar;C:\Users\David\.m2\repository\org\webjars\bowergithub\vaadin\vaadin-item\2.3.0\vaadin-item-2.3.0.jar;C:\Users\David\.m2\repository\org\webjars\bowergithub\vaadin\vaadin-overlay\3.5.1\vaadin-overlay-3.5.1.jar;C:\Users\David\.m2\repository\org\webjars\bowergithub\vaadin\vaadin-control-state-mixin\2.2.4\vaadin-control-state-mixin-2.2.4.jar;C:\Users\David\.m2\repository\com\vaadin\vaadin-button-flow\14.8.0\vaadin-button-flow-14.8.0.jar;C:\Users\David\.m2\repository\org\webjars\bowergithub\vaadin\vaadin-button\2.4.0\vaadin-button-2.4.0.jar;C:\Users\David\.m2\repository\com\vaadin\vaadin-checkbox-flow\14.8.0\vaadin-checkbox-flow-14.8.0.jar;C:\Users\David\.m2\repository\org\webjars\bowergithub\vaadin\vaadin-checkbox\2.5.1\vaadin-checkbox-2.5.1.jar;C:\Users\David\.m2\repository\com\vaadin\vaadin-combo-box-flow\14.8.0\vaadin-combo-box-flow-14.8.0.jar;C:\Users\David\.m2\repository\org\webjars\bowergithub\vaadin\vaadin-combo-box\5.4.10\vaadin-combo-box-5.4.10.jar;C:\Users\David\.m2\repository\org\webjars\bowergithub\vaadin\vaadin-text-field\2.9.0\vaadin-text-field-2.9.0.jar;C:\Users\David\.m2\repository\org\webjars\bowergithub\polymerelements\iron-list\2.0.20\iron-list-2.0.20.jar;C:\Users\David\.m2\repository\org\webjars\bowergithub\polymerelements\iron-scroll-target-behavior\2.1.1\iron-scroll-target-behavior-2.1.1.jar;C:\Users\David\.m2\repository\org\webjars\bowergithub\polymerelements\iron-a11y-keys-behavior\2.1.1\iron-a11y-keys-behavior-2.1.1.jar;C:\Users\David\.m2\repository\org\webjars\bowergithub\polymerelements\iron-overlay-behavior\2.3.4\iron-overlay-behavior-2.3.4.jar;C:\Users\David\.m2\repository\org\webjars\bowergithub\polymerelements\iron-fit-behavior\2.2.1\iron-fit-behavior-2.2.1.jar;C:\Users\David\.m2\repository\com\vaadin\vaadin-custom-field-flow\14.8.0\vaadin-custom-field-flow-14.8.0.jar;C:\Users\David\.m2\repository\org\webjars\bowergithub\vaadin\vaadin-custom-field\1.3.1\vaadin-custom-field-1.3.1.jar;C:\Users\David\.m2\repository\com\vaadin\vaadin-date-picker-flow\14.8.0\vaadin-date-picker-flow-14.8.0.jar;C:\Users\David\.m2\repository\org\webjars\bowergithub\vaadin\vaadin-date-picker\4.4.1\vaadin-date-picker-4.4.1.jar;C:\Users\David\.m2\repository\org\webjars\bowergithub\polymerelements\iron-media-query\2.1.0\iron-media-query-2.1.0.jar;C:\Users\David\.m2\repository\com\vaadin\vaadin-date-time-picker-flow\14.8.0\vaadin-date-time-picker-flow-14.8.0.jar;C:\Users\David\.m2\repository\org\webjars\bowergithub\vaadin\vaadin-date-time-picker\1.4.0\vaadin-date-time-picker-1.4.0.jar;C:\Users\David\.m2\repository\org\webjars\bowergithub\vaadin\vaadin-time-picker\2.4.0\vaadin-time-picker-2.4.0.jar;C:\Users\David\.m2\repository\com\vaadin\vaadin-details-flow\14.8.0\vaadin-details-flow-14.8.0.jar;C:\Users\David\.m2\repository\org\webjars\bowergithub\vaadin\vaadin-details\1.2.0\vaadin-details-1.2.0.jar;C:\Users\David\.m2\repository\com\vaadin\vaadin-time-picker-flow\14.8.0\vaadin-time-picker-flow-14.8.0.jar;C:\Users\David\.m2\repository\com\vaadin\vaadin-select-flow\14.8.0\vaadin-select-flow-14.8.0.jar;C:\Users\David\.m2\repository\org\webjars\bowergithub\vaadin\vaadin-select\2.4.1\vaadin-select-2.4.1.jar;C:\Users\David\.m2\repository\com\vaadin\vaadin-dialog-flow\14.8.0\vaadin-dialog-flow-14.8.0.jar;C:\Users\David\.m2\repository\org\webjars\bowergithub\vaadin\vaadin-dialog\2.6.0\vaadin-dialog-2.6.0.jar;C:\Users\David\.m2\repository\com\vaadin\vaadin-form-layout-flow\14.8.0\vaadin-form-layout-flow-14.8.0.jar;C:\Users\David\.m2\repository\org\webjars\bowergithub\vaadin\vaadin-form-layout\2.3.0\vaadin-form-layout-2.3.0.jar;C:\Users\David\.m2\repository\com\vaadin\vaadin-grid-flow\14.8.0\vaadin-grid-flow-14.8.0.jar;C:\Users\David\.m2\repository\org\webjars\bowergithub\vaadin\vaadin-grid\5.9.0\vaadin-grid-5.9.0.jar;C:\Users\David\.m2\repository\org\apache\commons\commons-lang3\3.12.0\commons-lang3-3.12.0.jar;C:\Users\David\.m2\repository\com\vaadin\vaadin-icons-flow\14.8.0\vaadin-icons-flow-14.8.0.jar;C:\Users\David\.m2\repository\org\webjars\bowergithub\vaadin\vaadin-icons\4.3.2\vaadin-icons-4.3.2.jar;C:\Users\David\.m2\repository\com\vaadin\vaadin-iron-list-flow\14.8.0\vaadin-iron-list-flow-14.8.0.jar;C:\Users\David\.m2\repository\com\vaadin\vaadin-list-box-flow\14.8.0\vaadin-list-box-flow-14.8.0.jar;C:\Users\David\.m2\repository\com\vaadin\vaadin-login-flow\14.8.0\vaadin-login-flow-14.8.0.jar;C:\Users\David\.m2\repository\org\webjars\bowergithub\vaadin\vaadin-login\1.2.0\vaadin-login-1.2.0.jar;C:\Users\David\.m2\repository\com\vaadin\vaadin-messages-flow\14.8.0\vaadin-messages-flow-14.8.0.jar;C:\Users\David\.m2\repository\com\vaadin\vaadin-ordered-layout-flow\14.8.0\vaadin-ordered-layout-flow-14.8.0.jar;C:\Users\David\.m2\repository\org\webjars\bowergithub\vaadin\vaadin-ordered-layout\1.4.0\vaadin-ordered-layout-1.4.0.jar;C:\Users\David\.m2\repository\com\vaadin\vaadin-progress-bar-flow\14.8.0\vaadin-progress-bar-flow-14.8.0.jar;C:\Users\David\.m2\repository\org\webjars\bowergithub\vaadin\vaadin-progress-bar\1.3.0\vaadin-progress-bar-1.3.0.jar;C:\Users\David\.m2\repository\com\vaadin\vaadin-radio-button-flow\14.8.0\vaadin-radio-button-flow-14.8.0.jar;C:\Users\David\.m2\repository\org\webjars\bowergithub\vaadin\vaadin-radio-button\1.5.4\vaadin-radio-button-1.5.4.jar;C:\Users\David\.m2\repository\com\vaadin\vaadin-split-layout-flow\14.8.0\vaadin-split-layout-flow-14.8.0.jar;C:\Users\David\.m2\repository\org\webjars\bowergithub\vaadin\vaadin-split-layout\4.3.0\vaadin-split-layout-4.3.0.jar;C:\Users\David\.m2\repository\com\vaadin\vaadin-tabs-flow\14.8.0\vaadin-tabs-flow-14.8.0.jar;C:\Users\David\.m2\repository\org\webjars\bowergithub\vaadin\vaadin-tabs\3.2.0\vaadin-tabs-3.2.0.jar;C:\Users\David\.m2\repository\com\vaadin\vaadin-text-field-flow\14.8.0\vaadin-text-field-flow-14.8.0.jar;C:\Users\David\.m2\repository\com\vaadin\vaadin-upload-flow\14.8.0\vaadin-upload-flow-14.8.0.jar;C:\Users\David\.m2\repository\org\webjars\bowergithub\vaadin\vaadin-upload\4.4.3\vaadin-upload-4.4.3.jar;C:\Users\David\.m2\repository\com\vaadin\vaadin-notification-flow\14.8.0\vaadin-notification-flow-14.8.0.jar;C:\Users\David\.m2\repository\org\webjars\bowergithub\vaadin\vaadin-notification\1.6.1\vaadin-notification-1.6.1.jar;C:\Users\David\.m2\repository\com\vaadin\vaadin-app-layout-flow\14.8.0\vaadin-app-layout-flow-14.8.0.jar;C:\Users\David\.m2\repository\org\webjars\bowergithub\vaadin\vaadin-app-layout\2.2.0\vaadin-app-layout-2.2.0.jar;C:\Users\David\.m2\repository\com\vaadin\vaadin-context-menu-flow\14.8.0\vaadin-context-menu-flow-14.8.0.jar;C:\Users\David\.m2\repository\org\webjars\bowergithub\vaadin\vaadin-context-menu\4.6.0\vaadin-context-menu-4.6.0.jar;C:\Users\David\.m2\repository\com\vaadin\vaadin-menu-bar-flow\14.8.0\vaadin-menu-bar-flow-14.8.0.jar;C:\Users\David\.m2\repository\org\webjars\bowergithub\vaadin\vaadin-menu-bar\1.3.0\vaadin-menu-bar-1.3.0.jar;C:\Users\David\.m2\repository\org\springframework\boot\spring-boot-devtools\2.6.2\spring-boot-devtools-2.6.2.jar;C:\Users\David\.m2\repository\org\springframework\boot\spring-boot\2.6.2\spring-boot-2.6.2.jar;C:\Users\David\.m2\repository\org\springframework\boot\spring-boot-autoconfigure\2.6.2\spring-boot-autoconfigure-2.6.2.jar;C:\Users\David\.m2\repository\com\h2database\h2\1.4.200\h2-1.4.200.jar;C:\Users\David\.m2\repository\org\projectlombok\lombok\1.18.22\lombok-1.18.22.jar;C:\Users\David\.m2\repository\org\springframework\boot\spring-boot-starter-test\2.6.2\spring-boot-starter-test-2.6.2.jar;C:\Users\David\.m2\repository\org\springframework\boot\spring-boot-test\2.6.2\spring-boot-test-2.6.2.jar;C:\Users\David\.m2\repository\org\springframework\boot\spring-boot-test-autoconfigure\2.6.2\spring-boot-test-autoconfigure-2.6.2.jar;C:\Users\David\.m2\repository\com\jayway\jsonpath\json-path\2.6.0\json-path-2.6.0.jar;C:\Users\David\.m2\repository\net\minidev\json-smart\2.4.7\json-smart-2.4.7.jar;C:\Users\David\.m2\repository\net\minidev\accessors-smart\2.4.7\accessors-smart-2.4.7.jar;C:\Users\David\.m2\repository\org\ow2\asm\asm\9.1\asm-9.1.jar;C:\Users\David\.m2\repository\jakarta\xml\bind\jakarta.xml.bind-api\2.3.3\jakarta.xml.bind-api-2.3.3.jar;C:\Users\David\.m2\repository\jakarta\activation\jakarta.activation-api\1.2.2\jakarta.activation-api-1.2.2.jar;C:\Users\David\.m2\repository\org\assertj\assertj-core\3.21.0\assertj-core-3.21.0.jar;C:\Users\David\.m2\repository\org\hamcrest\hamcrest\2.2\hamcrest-2.2.jar;C:\Users\David\.m2\repository\org\junit\jupiter\junit-jupiter\5.8.2\junit-jupiter-5.8.2.jar;C:\Users\David\.m2\repository\org\junit\jupiter\junit-jupiter-api\5.8.2\junit-jupiter-api-5.8.2.jar;C:\Users\David\.m2\repository\org\opentest4j\opentest4j\1.2.0\opentest4j-1.2.0.jar;C:\Users\David\.m2\repository\org\junit\platform\junit-platform-commons\1.8.2\junit-platform-commons-1.8.2.jar;C:\Users\David\.m2\repository\org\apiguardian\apiguardian-api\1.1.2\apiguardian-api-1.1.2.jar;C:\Users\David\.m2\repository\org\junit\jupiter\junit-jupiter-params\5.8.2\junit-jupiter-params-5.8.2.jar;C:\Users\David\.m2\repository\org\junit\jupiter\junit-jupiter-engine\5.8.2\junit-jupiter-engine-5.8.2.jar;C:\Users\David\.m2\repository\org\junit\platform\junit-platform-engine\1.8.2\junit-platform-engine-1.8.2.jar;C:\Users\David\.m2\repository\org\mockito\mockito-core\4.0.0\mockito-core-4.0.0.jar;C:\Users\David\.m2\repository\net\bytebuddy\byte-buddy-agent\1.11.22\byte-buddy-agent-1.11.22.jar;C:\Users\David\.m2\repository\org\objenesis\objenesis\3.2\objenesis-3.2.jar;C:\Users\David\.m2\repository\org\mockito\mockito-junit-jupiter\4.0.0\mockito-junit-jupiter-4.0.0.jar;C:\Users\David\.m2\repository\org\skyscreamer\jsonassert\1.5.0\jsonassert-1.5.0.jar;C:\Users\David\.m2\repository\com\vaadin\external\google\android-json\0.0.20131108.vaadin1\android-json-0.0.20131108.vaadin1.jar;C:\Users\David\.m2\repository\org\springframework\spring-core\5.3.14\spring-core-5.3.14.jar;C:\Users\David\.m2\repository\org\springframework\spring-jcl\5.3.14\spring-jcl-5.3.14.jar;C:\Users\David\.m2\repository\org\springframework\spring-test\5.3.14\spring-test-5.3.14.jar;C:\Users\David\.m2\repository\org\xmlunit\xmlunit-core\2.8.4\xmlunit-core-2.8.4.jar;C:\Users\David\.m2\repository\org\telegram\telegrambots\5.5.0\telegrambots-5.5.0.jar;C:\Users\David\.m2\repository\org\telegram\telegrambots-meta\5.5.0\telegrambots-meta-5.5.0.jar;C:\Users\David\.m2\repository\com\google\guava\guava\30.0-jre\guava-30.0-jre.jar;C:\Users\David\.m2\repository\com\google\guava\failureaccess\1.0.1\failureaccess-1.0.1.jar;C:\Users\David\.m2\repository\com\google\guava\listenablefuture\9999.0-empty-to-avoid-conflict-with-guava\listenablefuture-9999.0-empty-to-avoid-conflict-with-guava.jar;C:\Users\David\.m2\repository\com\google\code\findbugs\jsr305\3.0.2\jsr305-3.0.2.jar;C:\Users\David\.m2\repository\org\checkerframework\checker-qual\3.5.0\checker-qual-3.5.0.jar;C:\Users\David\.m2\repository\com\google\errorprone\error_prone_annotations\2.3.4\error_prone_annotations-2.3.4.jar;C:\Users\David\.m2\repository\com\google\j2objc\j2objc-annotations\1.3\j2objc-annotations-1.3.jar;C:\Users\David\.m2\repository\com\fasterxml\jackson\core\jackson-annotations\2.13.1\jackson-annotations-2.13.1.jar;C:\Users\David\.m2\repository\com\fasterxml\jackson\jaxrs\jackson-jaxrs-json-provider\2.13.1\jackson-jaxrs-json-provider-2.13.1.jar;C:\Users\David\.m2\repository\com\fasterxml\jackson\jaxrs\jackson-jaxrs-base\2.13.1\jackson-jaxrs-base-2.13.1.jar;C:\Users\David\.m2\repository\com\fasterxml\jackson\module\jackson-module-jaxb-annotations\2.13.1\jackson-module-jaxb-annotations-2.13.1.jar;C:\Users\David\.m2\repository\com\fasterxml\jackson\core\jackson-core\2.13.1\jackson-core-2.13.1.jar;C:\Users\David\.m2\repository\com\fasterxml\jackson\core\jackson-databind\2.13.1\jackson-databind-2.13.1.jar;C:\Users\David\.m2\repository\org\glassfish\jersey\inject\jersey-hk2\2.35\jersey-hk2-2.35.jar;C:\Users\David\.m2\repository\org\glassfish\jersey\core\jersey-common\2.35\jersey-common-2.35.jar;C:\Users\David\.m2\repository\org\glassfish\hk2\osgi-resource-locator\1.0.3\osgi-resource-locator-1.0.3.jar;C:\Users\David\.m2\repository\org\glassfish\hk2\hk2-locator\2.6.1\hk2-locator-2.6.1.jar;C:\Users\David\.m2\repository\org\glassfish\hk2\external\aopalliance-repackaged\2.6.1\aopalliance-repackaged-2.6.1.jar;C:\Users\David\.m2\repository\org\glassfish\hk2\hk2-api\2.6.1\hk2-api-2.6.1.jar;C:\Users\David\.m2\repository\org\glassfish\hk2\hk2-utils\2.6.1\hk2-utils-2.6.1.jar;C:\Users\David\.m2\repository\org\javassist\javassist\3.25.0-GA\javassist-3.25.0-GA.jar;C:\Users\David\.m2\repository\org\glassfish\jersey\media\jersey-media-json-jackson\2.35\jersey-media-json-jackson-2.35.jar;C:\Users\David\.m2\repository\org\glassfish\jersey\ext\jersey-entity-filtering\2.35\jersey-entity-filtering-2.35.jar;C:\Users\David\.m2\repository\org\glassfish\jersey\containers\jersey-container-grizzly2-http\2.35\jersey-container-grizzly2-http-2.35.jar;C:\Users\David\.m2\repository\org\glassfish\hk2\external\jakarta.inject\2.6.1\jakarta.inject-2.6.1.jar;C:\Users\David\.m2\repository\org\glassfish\grizzly\grizzly-http-server\2.4.4\grizzly-http-server-2.4.4.jar;C:\Users\David\.m2\repository\org\glassfish\grizzly\grizzly-http\2.4.4\grizzly-http-2.4.4.jar;C:\Users\David\.m2\repository\org\glassfish\grizzly\grizzly-framework\2.4.4\grizzly-framework-2.4.4.jar;C:\Users\David\.m2\repository\jakarta\ws\rs\jakarta.ws.rs-api\2.1.6\jakarta.ws.rs-api-2.1.6.jar;C:\Users\David\.m2\repository\org\glassfish\jersey\core\jersey-server\2.35\jersey-server-2.35.jar;C:\Users\David\.m2\repository\org\glassfish\jersey\core\jersey-client\2.35\jersey-client-2.35.jar;C:\Users\David\.m2\repository\jakarta\validation\jakarta.validation-api\2.0.2\jakarta.validation-api-2.0.2.jar;C:\Users\David\.m2\repository\org\json\json\20180813\json-20180813.jar;C:\Users\David\.m2\repository\org\apache\httpcomponents\httpclient\4.5.13\httpclient-4.5.13.jar;C:\Users\David\.m2\repository\org\apache\httpcomponents\httpcore\4.4.15\httpcore-4.4.15.jar;C:\Users\David\.m2\repository\commons-codec\commons-codec\1.15\commons-codec-1.15.jar;C:\Users\David\.m2\repository\org\apache\httpcomponents\httpmime\4.5.13\httpmime-4.5.13.jar;C:\Users\David\.m2\repository\commons-io\commons-io\2.8.0\commons-io-2.8.0.jar;C:\Users\David\.m2\repository\org\slf4j\slf4j-api\1.7.32\slf4j-api-1.7.32.jar;C:\Users\David\.m2\repository\com\vdurmont\emoji-java\5.1.1\emoji-java-5.1.1.jar;C:\Users\David\.m2\repository\commons-validator\commons-validator\1.7\commons-validator-1.7.jar;C:\Users\David\.m2\repository\commons-beanutils\commons-beanutils\1.9.4\commons-beanutils-1.9.4.jar;C:\Users\David\.m2\repository\commons-digester\commons-digester\2.1\commons-digester-2.1.jar;C:\Users\David\.m2\repository\commons-logging\commons-logging\1.2\commons-logging-1.2.jar;C:\Users\David\.m2\repository\commons-collections\commons-collections\3.2.2\commons-collections-3.2.2.jar;"/>
    <property name="sun.cpu.endian" value="little"/>
    <property name="user.home" value="C:\Users\David"/>
    <property name="user.language" value="es"/>
    <property name="java.specification.vendor" value="Oracle Corporation"/>
    <property name="java.version.date" value="2021-07-20"/>
    <property name="java.home" value="C:\Program Files\Java\jdk-11.0.12"/>
    <property name="file.separator" value="\"/>
    <property name="basedir" value="d:\Development\springboot\uncledavecode\notificator"/>
    <property name="java.vm.compressedOopsMode" value="Zero based"/>
    <property name="line.separator" value="&#10;"/>
    <property name="java.specification.name" value="Java Platform API Specification"/>
    <property name="java.vm.specification.vendor" value="Oracle Corporation"/>
    <property name="java.awt.graphicsenv" value="sun.awt.Win32GraphicsEnvironment"/>
    <property name="surefire.real.class.path" value="C:\Users\David\AppData\Local\Temp\surefire5384255154640273386\surefirebooter7183874493061354029.jar"/>
    <property name="user.script" value=""/>
    <property name="sun.management.compiler" value="HotSpot 64-Bit Tiered Compilers"/>
    <property name="java.runtime.version" value="11.0.12+8-LTS-237"/>
    <property name="user.name" value="David"/>
    <property name="path.separator" value=";"/>
    <property name="os.version" value="10.0"/>
    <property name="java.runtime.name" value="Java(TM) SE Runtime Environment"/>
    <property name="file.encoding" value="Cp1252"/>
    <property name="java.vm.name" value="Java HotSpot(TM) 64-Bit Server VM"/>
    <property name="java.vendor.version" value="18.9"/>
    <property name="localRepository" value="C:\Users\David\.m2\repository"/>
    <property name="java.vendor.url.bug" value="https://bugreport.java.com/bugreport/"/>
    <property name="java.io.tmpdir" value="C:\Users\David\AppData\Local\Temp\"/>
    <property name="java.version" value="11.0.12"/>
    <property name="user.dir" value="d:\Development\springboot\uncledavecode\notificator"/>
    <property name="os.arch" value="amd64"/>
    <property name="java.vm.specification.name" value="Java Virtual Machine Specification"/>
    <property name="java.awt.printerjob" value="sun.awt.windows.WPrinterJob"/>
    <property name="sun.os.patch.level" value=""/>
    <property name="java.library.path" value="C:\Program Files\Java\jdk-11.0.12\bin;C:\WINDOWS\Sun\Java\bin;C:\WINDOWS\system32;C:\WINDOWS;C:\Program Files\AdoptOpenJDK\jdk-11.0.11.9-hotspot\bin;C:\Program Files\Common Files\Oracle\Java\javapath;C:\Program Files (x86)\Common Files\Oracle\Java\javapath;C:\WINDOWS\system32;C:\WINDOWS;C:\WINDOWS\System32\Wbem;C:\WINDOWS\System32\WindowsPowerShell\v1.0\;C:\WINDOWS\System32\OpenSSH\;C:\Program Files (x86)\Calibre2\;C:\Program Files\AdoptOpenJDK\jdk-11.0.11.9-hotspot\\bin;D:\gradle-6.8.3\bin;C:\Program Files\nodejs\;%JAVA_HOME_11%\bin;C:\Program Files\PuTTY\;C:\Program Files\Git\cmd;C:\Program Files\Java\jdk1.8.0_281;C:\Users\David\AppData\Local\Programs\Python\Python38\Scripts\;C:\Users\David\AppData\Local\Programs\Python\Python38\;C:\Users\David\AppData\Local\Programs\Python\Python39\Scripts\;C:\Users\David\AppData\Local\Programs\Python\Python39\;C:\Users\David\AppData\Local\Microsoft\WindowsApps;C:\Users\David\AppData\Local\Programs\Microsoft VS Code\bin;D:\gradle-6.8.3\bin;C:\Users\David\AppData\Roaming\npm;C:\Users\David\AppData\Local\GitHubDesktop\bin;C:\Program Files\heroku\bin;."/>
    <property name="java.vendor" value="Oracle Corporation"/>
    <property name="java.vm.info" value="mixed mode"/>
    <property name="java.vm.version" value="11.0.12+8-LTS-237"/>
    <property name="sun.io.unicode.encoding" value="UnicodeLittle"/>
    <property name="java.class.version" value="55.0"/>
  </properties>
  <testcase name="contextLoads" classname="com.uncledavecode.notificator.NotificatorApplicationTests" time="0.148"/>
</testsuite>